<?xml version="1.0" encoding="UTF-8"?>
<testng-results ignored="0" total="2" passed="2" failed="0" skipped="0">
  <reporter-output>
  </reporter-output>
  <suite started-at="2021-06-19T11:05:55Z" name="Suite" finished-at="2021-06-19T11:06:07Z" duration-ms="11983">
    <groups>
    </groups>
    <test started-at="2021-06-19T11:05:55Z" name="Test" finished-at="2021-06-19T11:06:07Z" duration-ms="11983">
      <class name="com.rmajhi.tests.TC_002_HomePage">
        <test-method is-config="true" signature="setUp()[pri:0, instance:com.rmajhi.tests.TC_002_HomePage@5e4c8041]" started-at="2021-06-19T11:05:55Z" name="setUp" finished-at="2021-06-19T11:06:02Z" duration-ms="7100" status="PASS">
          <reporter-output>
          </reporter-output>
        </test-method> <!-- setUp -->
        <test-method signature="Login()[pri:0, instance:com.rmajhi.tests.TC_002_HomePage@5e4c8041]" started-at="2021-06-19T11:06:02Z" name="Login" finished-at="2021-06-19T11:06:06Z" duration-ms="3898" status="PASS">
          <reporter-output>
          </reporter-output>
        </test-method> <!-- Login -->
        <test-method is-config="true" signature="tearDown()[pri:0, instance:com.rmajhi.tests.TC_002_HomePage@5e4c8041]" started-at="2021-06-19T11:06:06Z" name="tearDown" finished-at="2021-06-19T11:06:07Z" duration-ms="895" status="PASS">
          <reporter-output>
          </reporter-output>
        </test-method> <!-- tearDown -->
      </class> <!-- com.rmajhi.tests.TC_002_HomePage -->
      <class name="com.rmajhi.tests.TC_001_Login">
        <test-method is-config="true" signature="setUp()[pri:0, instance:com.rmajhi.tests.TC_001_Login@3745e5c6]" started-at="2021-06-19T11:05:55Z" name="setUp" finished-at="2021-06-19T11:06:02Z" duration-ms="7018" status="PASS">
          <reporter-output>
          </reporter-output>
        </test-method> <!-- setUp -->
        <test-method signature="Login()[pri:0, instance:com.rmajhi.tests.TC_001_Login@3745e5c6]" started-at="2021-06-19T11:06:02Z" name="Login" finished-at="2021-06-19T11:06:06Z" duration-ms="4057" status="PASS">
          <reporter-output>
          </reporter-output>
        </test-method> <!-- Login -->
        <test-method is-config="true" signature="tearDown()[pri:0, instance:com.rmajhi.tests.TC_001_Login@3745e5c6]" started-at="2021-06-19T11:06:06Z" name="tearDown" finished-at="2021-06-19T11:06:07Z" duration-ms="850" status="PASS">
          <reporter-output>
          </reporter-output>
        </test-method> <!-- tearDown -->
      </class> <!-- com.rmajhi.tests.TC_001_Login -->
    </test> <!-- Test -->
  </suite> <!-- Suite -->
</testng-results>
