<?xml version="1.0" encoding="UTF-8"?>
<testng-results ignored="0" total="2" passed="2" failed="0" skipped="0">
  <reporter-output>
  </reporter-output>
  <suite started-at="2021-06-19T09:23:24Z" name="Suite" finished-at="2021-06-19T09:23:48Z" duration-ms="23945">
    <groups>
    </groups>
    <test started-at="2021-06-19T09:23:24Z" name="Test" finished-at="2021-06-19T09:23:48Z" duration-ms="23945">
      <class name="com.rmajhi.tests.TC_002_HomePage">
        <test-method is-config="true" signature="setUp()[pri:0, instance:com.rmajhi.tests.TC_002_HomePage@5e4c8041]" started-at="2021-06-19T09:23:33Z" name="setUp" finished-at="2021-06-19T09:23:38Z" duration-ms="5122" status="PASS">
          <reporter-output>
          </reporter-output>
        </test-method> <!-- setUp -->
        <test-method signature="Login()[pri:0, instance:com.rmajhi.tests.TC_002_HomePage@5e4c8041]" started-at="2021-06-19T09:23:38Z" name="Login" finished-at="2021-06-19T09:23:47Z" duration-ms="8979" status="PASS">
          <reporter-output>
          </reporter-output>
        </test-method> <!-- Login -->
        <test-method is-config="true" signature="tearDown()[pri:0, instance:com.rmajhi.tests.TC_002_HomePage@5e4c8041]" started-at="2021-06-19T09:23:47Z" name="tearDown" finished-at="2021-06-19T09:23:48Z" duration-ms="845" status="PASS">
          <reporter-output>
          </reporter-output>
        </test-method> <!-- tearDown -->
      </class> <!-- com.rmajhi.tests.TC_002_HomePage -->
      <class name="com.rmajhi.tests.TC_001_Login">
        <test-method is-config="true" signature="setUp()[pri:0, instance:com.rmajhi.tests.TC_001_Login@3745e5c6]" started-at="2021-06-19T09:23:24Z" name="setUp" finished-at="2021-06-19T09:23:29Z" duration-ms="4874" status="PASS">
          <reporter-output>
          </reporter-output>
        </test-method> <!-- setUp -->
        <test-method signature="Login()[pri:0, instance:com.rmajhi.tests.TC_001_Login@3745e5c6]" started-at="2021-06-19T09:23:29Z" name="Login" finished-at="2021-06-19T09:23:32Z" duration-ms="3332" status="PASS">
          <reporter-output>
          </reporter-output>
        </test-method> <!-- Login -->
        <test-method is-config="true" signature="tearDown()[pri:0, instance:com.rmajhi.tests.TC_001_Login@3745e5c6]" started-at="2021-06-19T09:23:32Z" name="tearDown" finished-at="2021-06-19T09:23:33Z" duration-ms="742" status="PASS">
          <reporter-output>
          </reporter-output>
        </test-method> <!-- tearDown -->
      </class> <!-- com.rmajhi.tests.TC_001_Login -->
    </test> <!-- Test -->
  </suite> <!-- Suite -->
</testng-results>
